[Tue Feb  3 17:57:15 2026] PHP 8.3.6 Development Server (http://localhost:8080) started
[Tue Feb  3 17:57:27 2026] [::1]:40644 Accepted
[Tue Feb  3 17:57:27 2026] [::1]:40644 [200]: HEAD /index.php
[Tue Feb  3 17:57:27 2026] [::1]:40644 Closing
[Tue Feb  3 17:58:31 2026] [::1]:41164 Accepted
[Tue Feb  3 17:58:31 2026] [::1]:41164 [200]: GET /
[Tue Feb  3 17:58:31 2026] [::1]:41164 Closing
[Tue Feb  3 17:58:32 2026] [::1]:41178 Accepted
[Tue Feb  3 17:58:32 2026] [::1]:41178 [302]: POST /
[Tue Feb  3 17:58:32 2026] [::1]:41178 Closing
[Tue Feb  3 17:58:32 2026] [::1]:41194 Accepted
[Tue Feb  3 17:58:32 2026] [::1]:41194 [200]: GET /index.php
[Tue Feb  3 17:58:32 2026] [::1]:41194 Closing
[Tue Feb  3 17:58:33 2026] [::1]:41208 Accepted
[Tue Feb  3 17:58:33 2026] [::1]:41208 [200]: POST /index.php
[Tue Feb  3 17:58:33 2026] [::1]:41208 Closing
[Tue Feb  3 17:58:33 2026] [::1]:41214 Accepted
[Tue Feb  3 17:58:33 2026] [::1]:41214 [200]: GET /?p=detalhes
[Tue Feb  3 17:58:33 2026] [::1]:41214 Closing
[Tue Feb  3 17:58:33 2026] [::1]:41224 Accepted
[Tue Feb  3 17:58:33 2026] [::1]:41224 [200]: POST /?p=detalhes
[Tue Feb  3 17:58:33 2026] [::1]:41224 Closing
[Tue Feb  3 17:58:33 2026] [::1]:41232 Accepted
[Tue Feb  3 17:58:33 2026] [::1]:41232 [200]: POST /?p=detalhes
[Tue Feb  3 17:58:33 2026] [::1]:41232 Closing
